{"C:\\Users\\rvidrine\\dev_new\\scaffold\\src\\controllers\\exampleController.ts": {"path":"C:\\Users\\rvidrine\\dev_new\\scaffold\\src\\controllers\\exampleController.ts","statementMap":{"0":{"start":{"line":4,"column":0},"end":{"line":4,"column":90}},"1":{"start":{"line":10,"column":0},"end":{"line":38,"column":1}},"2":{"start":{"line":17,"column":25},"end":{"line":17,"column":56}},"3":{"start":{"line":18,"column":8},"end":{"line":18,"column":26}},"4":{"start":{"line":26,"column":25},"end":{"line":26,"column":76}},"5":{"start":{"line":27,"column":8},"end":{"line":27,"column":26}},"6":{"start":{"line":35,"column":26},"end":{"line":35,"column":67}},"7":{"start":{"line":36,"column":7},"end":{"line":36,"column":27}},"8":{"start":{"line":15,"column":4},"end":{"line":19,"column":5}},"9":{"start":{"line":25,"column":4},"end":{"line":28,"column":5}},"10":{"start":{"line":34,"column":3},"end":{"line":37,"column":4}},"11":{"start":{"line":10,"column":13},"end":{"line":38,"column":1}},"12":{"start":{"line":10,"column":13},"end":{"line":10,"column":30}}},"fnMap":{"0":{"name":"(anonymous_9)","decl":{"start":{"line":15,"column":17},"end":{"line":15,"column":26}},"loc":{"start":{"line":16,"column":43},"end":{"line":19,"column":5}}},"1":{"name":"(anonymous_11)","decl":{"start":{"line":25,"column":17},"end":{"line":25,"column":27}},"loc":{"start":{"line":25,"column":61},"end":{"line":28,"column":5}}},"2":{"name":"(anonymous_13)","decl":{"start":{"line":34,"column":16},"end":{"line":34,"column":29}},"loc":{"start":{"line":34,"column":66},"end":{"line":37,"column":4}}}},"branchMap":{},"s":{"0":1,"1":1,"2":1,"3":1,"4":1,"5":1,"6":1,"7":1,"8":1,"9":1,"10":1,"11":1,"12":1},"f":{"0":1,"1":1,"2":1},"b":{}}
}
